2018-11-13 00:00:40 INFO  [marauroad ] Statistics               ( 122) - Total/Used memory: 103424/82055
2018-11-13 00:01:40 INFO  [marauroad ] Statistics               ( 122) - Total/Used memory: 103424/84372
2018-11-13 00:02:40 INFO  [marauroad ] Statistics               ( 122) - Total/Used memory: 103424/85986
2018-11-13 00:03:40 INFO  [marauroad ] Statistics               ( 122) - Total/Used memory: 103424/87922
2018-11-13 00:04:05 INFO  [verManager] TeleporterBehaviour      ( 174) - Cannot place teleporting NPC Mizuno at 0_ados_swamp 117 87
2018-11-13 00:04:05 INFO  [verManager] TeleporterBehaviour      ( 174) - Cannot place teleporting NPC Rose Leigh at 0_ados_city_n2 110 124
2018-11-13 00:04:40 INFO  [marauroad ] Statistics               ( 122) - Total/Used memory: 105984/82596
2018-11-13 00:05:40 INFO  [marauroad ] Statistics               ( 122) - Total/Used memory: 105984/97850
2018-11-13 00:06:40 INFO  [marauroad ] Statistics               ( 122) - Total/Used memory: 105984/96657
2018-11-13 00:07:40 INFO  [marauroad ] Statistics               ( 122) - Total/Used memory: 108544/95537
2018-11-13 00:08:40 INFO  [marauroad ] Statistics               ( 122) - Total/Used memory: 109056/91504
2018-11-13 00:09:40 INFO  [marauroad ] Statistics               ( 122) - Total/Used memory: 111616/86874
2018-11-13 00:10:40 INFO  [marauroad ] Statistics               ( 122) - Total/Used memory: 111616/102483
2018-11-13 00:11:40 INFO  [marauroad ] Statistics               ( 122) - Total/Used memory: 112128/94684
2018-11-13 00:12:40 INFO  [marauroad ] Statistics               ( 122) - Total/Used memory: 114688/87228
2018-11-13 00:13:40 INFO  [marauroad ] Statistics               ( 122) - Total/Used memory: 115200/83151
2018-11-13 00:14:40 INFO  [marauroad ] Statistics               ( 122) - Total/Used memory: 115200/98840
2018-11-13 00:15:40 INFO  [marauroad ] Statistics               ( 122) - Total/Used memory: 118272/87876
2018-11-13 00:16:40 INFO  [marauroad ] Statistics               ( 122) - Total/Used memory: 118272/102982
2018-11-13 00:17:37 INFO  [verManager] TeleporterBehaviour      ( 174) - Cannot place teleporting NPC Mizuno at 0_ados_city_s 92 68
2018-11-13 00:17:40 INFO  [marauroad ] Statistics               ( 122) - Total/Used memory: 118272/91953
2018-11-13 00:18:40 INFO  [marauroad ] Statistics               ( 122) - Total/Used memory: 118272/107077
2018-11-13 00:19:40 INFO  [marauroad ] Statistics               ( 122) - Total/Used memory: 119296/93356
2018-11-13 00:20:40 INFO  [marauroad ] Statistics               ( 122) - Total/Used memory: 119296/108933
2018-11-13 00:21:40 INFO  [marauroad ] Statistics               ( 122) - Total/Used memory: 119296/92499
2018-11-13 00:22:40 INFO  [marauroad ] Statistics               ( 122) - Total/Used memory: 119296/108444
2018-11-13 00:23:40 INFO  [marauroad ] Statistics               ( 122) - Total/Used memory: 118272/93479
2018-11-13 00:24:40 INFO  [marauroad ] Statistics               ( 122) - Total/Used memory: 118272/109177
2018-11-13 00:25:40 INFO  [marauroad ] Statistics               ( 122) - Total/Used memory: 118272/93859
2018-11-13 00:26:38 INFO  [verManager] TeleporterBehaviour      ( 174) - Cannot place teleporting NPC Rose Leigh at 0_nalwor_forest_e 114 94
2018-11-13 00:26:38 INFO  [verManager] TeleporterBehaviour      ( 174) - Cannot place teleporting NPC Rose Leigh at 0_nalwor_forest_e 21 79
2018-11-13 00:26:40 INFO  [marauroad ] Statistics               ( 122) - Total/Used memory: 117248/85155
2018-11-13 00:27:40 INFO  [marauroad ] Statistics               ( 122) - Total/Used memory: 117248/99735
2018-11-13 00:28:40 INFO  [marauroad ] Statistics               ( 122) - Total/Used memory: 117248/86659
2018-11-13 00:29:40 INFO  [marauroad ] Statistics               ( 122) - Total/Used memory: 117248/102011
2018-11-13 00:30:40 INFO  [marauroad ] Statistics               ( 122) - Total/Used memory: 116224/88780
2018-11-13 00:31:10 INFO  [verManager] TeleporterBehaviour      ( 174) - Cannot place teleporting NPC Mizuno at 0_ados_city_s 22 66
2018-11-13 00:31:10 INFO  [verManager] TeleporterBehaviour      ( 174) - Cannot place teleporting NPC Rose Leigh at 0_orril_river_s_w2 120 102
2018-11-13 00:31:40 INFO  [marauroad ] Statistics               ( 122) - Total/Used memory: 116224/107194
2018-11-13 00:32:40 INFO  [marauroad ] Statistics               ( 122) - Total/Used memory: 116224/94695
2018-11-13 00:33:40 INFO  [marauroad ] Statistics               ( 122) - Total/Used memory: 115200/82721
2018-11-13 00:34:40 INFO  [marauroad ] Statistics               ( 122) - Total/Used memory: 115200/97755
2018-11-13 00:35:40 INFO  [marauroad ] Statistics               ( 122) - Total/Used memory: 115200/86354
2018-11-13 00:35:40 INFO  [verManager] TeleporterBehaviour      ( 174) - Cannot place teleporting NPC Mizuno at 0_ados_city_s 93 4
2018-11-13 00:36:40 INFO  [marauroad ] Statistics               ( 122) - Total/Used memory: 114176/84235
2018-11-13 00:37:40 INFO  [marauroad ] Statistics               ( 122) - Total/Used memory: 114176/99338
2018-11-13 00:38:40 INFO  [marauroad ] Statistics               ( 122) - Total/Used memory: 114176/88769
2018-11-13 00:39:40 INFO  [marauroad ] Statistics               ( 122) - Total/Used memory: 114176/104118
2018-11-13 00:40:40 INFO  [marauroad ] Statistics               ( 122) - Total/Used memory: 113152/94131
2018-11-13 00:41:40 INFO  [marauroad ] Statistics               ( 122) - Total/Used memory: 113152/84158
2018-11-13 00:42:40 INFO  [marauroad ] Statistics               ( 122) - Total/Used memory: 113152/99396
2018-11-13 00:43:40 INFO  [marauroad ] Statistics               ( 122) - Total/Used memory: 112128/90743
2018-11-13 00:44:40 INFO  [marauroad ] Statistics               ( 122) - Total/Used memory: 112128/82232
2018-11-13 00:44:41 INFO  [verManager] TeleporterBehaviour      ( 174) - Cannot place teleporting NPC Mizuno at 0_ados_swamp 12 29
2018-11-13 00:45:40 INFO  [marauroad ] Statistics               ( 122) - Total/Used memory: 112128/97705
2018-11-13 00:46:40 INFO  [marauroad ] Statistics               ( 122) - Total/Used memory: 111104/89509
2018-11-13 00:47:40 INFO  [marauroad ] Statistics               ( 122) - Total/Used memory: 111104/104685
2018-11-13 00:48:40 INFO  [marauroad ] Statistics               ( 122) - Total/Used memory: 111104/97354
2018-11-13 00:49:40 INFO  [marauroad ] Statistics               ( 122) - Total/Used memory: 110592/90390
2018-11-13 00:50:40 INFO  [marauroad ] Statistics               ( 122) - Total/Used memory: 111104/84069
2018-11-13 00:51:40 INFO  [marauroad ] Statistics               ( 122) - Total/Used memory: 111104/99697
2018-11-13 00:52:40 INFO  [marauroad ] Statistics               ( 122) - Total/Used memory: 110592/92532
2018-11-13 00:53:40 INFO  [marauroad ] Statistics               ( 122) - Total/Used memory: 111104/85426
2018-11-13 00:53:42 INFO  [verManager] TeleporterBehaviour      ( 174) - Cannot place teleporting NPC Rose Leigh at 0_kirdneh_river_w 63 80
2018-11-13 00:53:42 INFO  [verManager] TeleporterBehaviour      ( 174) - Cannot place teleporting NPC Rose Leigh at 0_nalwor_river_se 3 53
2018-11-13 00:53:42 INFO  [verManager] TeleporterBehaviour      ( 174) - Cannot place teleporting NPC Rose Leigh at 0_amazon_island_ne 102 42
2018-11-13 00:54:40 INFO  [marauroad ] Statistics               ( 122) - Total/Used memory: 111104/101071
2018-11-13 00:55:40 INFO  [marauroad ] Statistics               ( 122) - Total/Used memory: 110592/93978
2018-11-13 00:56:40 INFO  [marauroad ] Statistics               ( 122) - Total/Used memory: 111104/86774
2018-11-13 00:57:40 INFO  [marauroad ] Statistics               ( 122) - Total/Used memory: 111104/102520
2018-11-13 00:58:13 INFO  [verManager] TeleporterBehaviour      ( 174) - Cannot place teleporting NPC Rose Leigh at 0_nalwor_forest_nw 3 62
2018-11-13 00:58:40 INFO  [marauroad ] Statistics               ( 122) - Total/Used memory: 110592/101821
2018-11-13 00:59:40 INFO  [marauroad ] Statistics               ( 122) - Total/Used memory: 110592/94756
2018-11-13 01:00:40 INFO